<?xml version="1.0" encoding="UTF-8"?>
<!-- Generated by org.testng.reporters.JUnitXMLReporter -->
<testsuite hostname="IFOCUSODC-PC34" name="Test" tests="5" failures="2" timestamp="15 Sep 2016 10:43:02 GMT" time="268.657" errors="0">
  <testcase name="deviceSettings" time="39.479" classname="com.ifocus.automation.Testscripts.BloodPressureTest"/>
  <testcase name="BPMeasureMobile" time="4.309" classname="com.ifocus.automation.Testscripts.BloodPressureTest"/>
  <testcase name="BPMeasureWeb" time="63.699" classname="com.ifocus.automation.Testscripts.BloodPressureTest">
    <failure type="org.openqa.selenium.NoSuchElementException" message="no such element: Unable to locate element: {&amp;quot;method&amp;quot;:&amp;quot;xpath&amp;quot;,&amp;quot;selector&amp;quot;:&amp;quot;.//*[@class=&amp;apos;panel-body dashboardWidget&amp;apos;]//button[contains(.,&amp;apos;Deregister&amp;apos;)]&amp;quot;}
  (Session info: chrome=52.0.2743.116)
  (Driver info: chromedriver=2.22.397933 (1cab651507b88dec79b2b2a22d1943c01833cc1b),platform=Windows NT 6.1.7601 SP1 x86_64) (WARNING: The server did not provide any stacktrace information)
Command duration or timeout: 21 milliseconds
For documentation on this error, please visit: http://seleniumhq.org/exceptions/no_such_element.html
Build info: version: &amp;apos;2.53.0&amp;apos;, revision: &amp;apos;35ae25b&amp;apos;, time: &amp;apos;2016-03-15 17:00:58&amp;apos;
System info: host: &amp;apos;IFOCUSODC-PC34&amp;apos;, ip: &amp;apos;10.189.33.84&amp;apos;, os.name: &amp;apos;Windows 7&amp;apos;, os.arch: &amp;apos;amd64&amp;apos;, os.version: &amp;apos;6.1&amp;apos;, java.version: &amp;apos;1.8.0_91&amp;apos;
Driver info: org.openqa.selenium.chrome.ChromeDriver
Capabilities [{applicationCacheEnabled=false, rotatable=false, mobileEmulationEnabled=false, chrome={chromedriverVersion=2.22.397933 (1cab651507b88dec79b2b2a22d1943c01833cc1b), userDataDir=C:\Users\iFocus\AppData\Local\Temp\scoped_dir2068_6613}, takesHeapSnapshot=true, databaseEnabled=false, handlesAlerts=true, hasTouchScreen=false, version=52.0.2743.116, platform=XP, browserConnectionEnabled=false, nativeEvents=true, acceptSslCerts=true, locationContextEnabled=true, webStorageEnabled=true, browserName=chrome, takesScreenshot=true, javascriptEnabled=true, cssSelectorsEnabled=true}]
Session ID: ce4867762b519fa1ea9828b1e1f58b9e
*** Element info: {Using=xpath, value=.//*[@class=&amp;apos;panel-body dashboardWidget&amp;apos;]//button[contains(.,&amp;apos;Deregister&amp;apos;)]}">
      <![CDATA[org.openqa.selenium.NoSuchElementException: no such element: Unable to locate element: {"method":"xpath","selector":".//*[@class='panel-body dashboardWidget']//button[contains(.,'Deregister')]"}
  (Session info: chrome=52.0.2743.116)
  (Driver info: chromedriver=2.22.397933 (1cab651507b88dec79b2b2a22d1943c01833cc1b),platform=Windows NT 6.1.7601 SP1 x86_64) (WARNING: The server did not provide any stacktrace information)
Command duration or timeout: 21 milliseconds
For documentation on this error, please visit: http://seleniumhq.org/exceptions/no_such_element.html
Build info: version: '2.53.0', revision: '35ae25b', time: '2016-03-15 17:00:58'
System info: host: 'IFOCUSODC-PC34', ip: '10.189.33.84', os.name: 'Windows 7', os.arch: 'amd64', os.version: '6.1', java.version: '1.8.0_91'
Driver info: org.openqa.selenium.chrome.ChromeDriver
Capabilities [{applicationCacheEnabled=false, rotatable=false, mobileEmulationEnabled=false, chrome={chromedriverVersion=2.22.397933 (1cab651507b88dec79b2b2a22d1943c01833cc1b), userDataDir=C:\Users\iFocus\AppData\Local\Temp\scoped_dir2068_6613}, takesHeapSnapshot=true, databaseEnabled=false, handlesAlerts=true, hasTouchScreen=false, version=52.0.2743.116, platform=XP, browserConnectionEnabled=false, nativeEvents=true, acceptSslCerts=true, locationContextEnabled=true, webStorageEnabled=true, browserName=chrome, takesScreenshot=true, javascriptEnabled=true, cssSelectorsEnabled=true}]
Session ID: ce4867762b519fa1ea9828b1e1f58b9e
*** Element info: {Using=xpath, value=.//*[@class='panel-body dashboardWidget']//button[contains(.,'Deregister')]}
	at org.openqa.selenium.remote.ErrorHandler.createThrowable(ErrorHandler.java:206)
	at org.openqa.selenium.remote.ErrorHandler.throwIfResponseFailed(ErrorHandler.java:158)
	at org.openqa.selenium.remote.RemoteWebDriver.execute(RemoteWebDriver.java:678)
	at org.openqa.selenium.remote.RemoteWebDriver.findElement(RemoteWebDriver.java:363)
	at org.openqa.selenium.remote.RemoteWebDriver.findElementByXPath(RemoteWebDriver.java:500)
	at org.openqa.selenium.By$ByXPath.findElement(By.java:361)
	at org.openqa.selenium.remote.RemoteWebDriver.findElement(RemoteWebDriver.java:355)
	at org.openqa.selenium.support.pagefactory.DefaultElementLocator.findElement(DefaultElementLocator.java:69)
	at org.openqa.selenium.support.pagefactory.internal.LocatingElementHandler.invoke(LocatingElementHandler.java:38)
	at com.sun.proxy.$Proxy4.isDisplayed(Unknown Source)
	at com.ifocus.automation.Pages.WebCareConsolePage.validateDevice(WebCareConsolePage.java:196)
	at com.ifocus.automation.Testscripts.BloodPressureTest.BPMeasureWeb(BloodPressureTest.java:47)
... Removed 27 stack frames]]>
    </failure>
  </testcase> <!-- BPMeasureWeb -->
  <testcase name="NoseBleedMobile" time="35.867" classname="com.ifocus.automation.Testscripts.NoseBleedTest"/>
  <testcase name="NoseBleedWeb" time="125.3" classname="com.ifocus.automation.Testscripts.NoseBleedTest">
    <failure type="java.lang.AssertionError" message="
No match: Given NoseBleed Entry is Not submitted to the Web
 expected [false] but found [true]">
      <![CDATA[java.lang.AssertionError: 
No match: Given NoseBleed Entry is Not submitted to the Web
 expected [false] but found [true]
	at com.ifocus.automation.Pages.WebCareConsolePage.validateNoseBleedEntry(WebCareConsolePage.java:317)
	at com.ifocus.automation.Testscripts.NoseBleedTest.NoseBleedWeb(NoseBleedTest.java:31)
... Removed 26 stack frames]]>
    </failure>
  </testcase> <!-- NoseBleedWeb -->
</testsuite> <!-- Test -->
